<?xml version="1.0" encoding="UTF-8"?>
<!-- Generated by org.testng.reporters.JUnitReportReporter -->
<testsuite hostname="DESKTOP-89UV3RE" failures="0" tests="1" name="com.in.testcases.TC002_Login" time="11.561" errors="0" timestamp="2025-04-06T22:10:37 IST" skipped="0">
  <testcase classname="com.in.testcases.TC002_Login" name="login" time="11.561"/>
</testsuite> <!-- com.in.testcases.TC002_Login -->
