<?xml version="1.0" encoding="UTF-8"?>
<!-- Generated by org.testng.reporters.JUnitReportReporter -->
<testsuite hostname="DESKTOP-89UV3RE" failures="0" tests="1" name="com.in.testcases.TC003_EditAccountDetails" time="5.742" errors="0" timestamp="2025-04-06T22:10:37 IST" skipped="0">
  <testcase classname="com.in.testcases.TC003_EditAccountDetails" name="editAccountDetails" time="5.742"/>
</testsuite> <!-- com.in.testcases.TC003_EditAccountDetails -->
