<?xml version="1.0" encoding="UTF-8"?>
<!-- Generated by org.testng.reporters.JUnitReportReporter -->
<testsuite hostname="DESKTOP-89UV3RE" failures="0" tests="3" name="com.in.AlertTestNG" time="10.636" errors="0" timestamp="2025-04-10T10:01:34 IST" skipped="0">
  <testcase classname="com.in.AlertTestNG" name="handleSimpleAlert" time="0.213"/>
  <testcase classname="com.in.AlertTestNG" name="handleConfirmAlert" time="5.266"/>
  <testcase classname="com.in.AlertTestNG" name="handlePromptAlert" time="5.157"/>
</testsuite> <!-- com.in.AlertTestNG -->
