<?xml version="1.0" encoding="UTF-8"?>
<!-- Generated by org.testng.reporters.JUnitReportReporter -->
<testsuite hostname="DESKTOP-89UV3RE" failures="0" tests="1" name="com.in.testcases.TC001_New_Register_Account" time="10.945" errors="0" timestamp="2025-04-06T22:10:37 IST" skipped="0">
  <testcase classname="com.in.testcases.TC001_New_Register_Account" name="registerNewAccount" time="10.945"/>
</testsuite> <!-- com.in.testcases.TC001_New_Register_Account -->
